# JRE version: OpenJDK Runtime Environment (8.0_242-b08) (build 1.8.0_242-b08)
# Java VM: OpenJDK 64-Bit Server VM (25.242-b08 mixed mode windows-amd64 compressed oops)
Heap:
 garbage-first heap   total 98304K, used 60416K [0x00000000c0000000, 0x00000000c0100300, 0x0000000100000000)
  region size 1024K, 6 young (6144K), 1 survivors (1024K)
 Metaspace       used 54974K, capacity 58248K, committed 58440K, reserved 1101824K
  class space    used 5539K, capacity 6486K, committed 6524K, reserved 1048576K
GC Heap History (10 events):
Event: 28.852 GC heap before
{Heap before GC invocations=42 (full 0):
 garbage-first heap   total 98304K, used 82524K [0x00000000c0000000, 0x00000000c0100300, 0x0000000100000000)
  region size 1024K, 33 young (33792K), 4 survivors (4096K)
 Metaspace       used 54226K, capacity 57412K, committed 57672K, reserved 1099776K
  class space    used 5482K, capacity 6422K, committed 6524K, reserved 1048576K
Event: 28.880 GC heap after
Heap after GC invocations=43 (full 0):
 garbage-first heap   total 98304K, used 57411K [0x00000000c0000000, 0x00000000c0100300, 0x0000000100000000)
  region size 1024K, 4 young (4096K), 4 survivors (4096K)
 Metaspace       used 54226K, capacity 57412K, committed 57672K, reserved 1099776K
  class space    used 5482K, capacity 6422K, committed 6524K, reserved 1048576K
}
Event: 29.311 GC heap before
{Heap before GC invocations=43 (full 0):
 garbage-first heap   total 98304K, used 83011K [0x00000000c0000000, 0x00000000c0100300, 0x0000000100000000)
  region size 1024K, 29 young (29696K), 4 survivors (4096K)
 Metaspace       used 54424K, capacity 57606K, committed 57928K, reserved 1101824K
  class space    used 5484K, capacity 6423K, committed 6524K, reserved 1048576K
Event: 29.335 GC heap after
Heap after GC invocations=44 (full 0):
 garbage-first heap   total 98304K, used 60416K [0x00000000c0000000, 0x00000000c0100300, 0x0000000100000000)
  region size 1024K, 3 young (3072K), 3 survivors (3072K)
 Metaspace       used 54424K, capacity 57606K, committed 57928K, reserved 1101824K
  class space    used 5484K, capacity 6423K, committed 6524K, reserved 1048576K
}
Event: 29.862 GC heap before
{Heap before GC invocations=45 (full 0):
 garbage-first heap   total 98304K, used 83968K [0x00000000c0000000, 0x00000000c0100300, 0x0000000100000000)
  region size 1024K, 26 young (26624K), 3 survivors (3072K)
 Metaspace       used 54817K, capacity 58100K, committed 58184K, reserved 1101824K
  class space    used 5524K, capacity 6480K, committed 6524K, reserved 1048576K
Event: 29.875 GC heap after
Heap after GC invocations=46 (full 0):
 garbage-first heap   total 98304K, used 59904K [0x00000000c0000000, 0x00000000c0100300, 0x0000000100000000)
  region size 1024K, 3 young (3072K), 3 survivors (3072K)
 Metaspace       used 54817K, capacity 58100K, committed 58184K, reserved 1101824K
  class space    used 5524K, capacity 6480K, committed 6524K, reserved 1048576K
}
Event: 29.910 GC heap before
{Heap before GC invocations=46 (full 0):
 garbage-first heap   total 98304K, used 60928K [0x00000000c0000000, 0x00000000c0100300, 0x0000000100000000)
  region size 1024K, 4 young (4096K), 3 survivors (3072K)
 Metaspace       used 54866K, capacity 58178K, committed 58440K, reserved 1101824K
  class space    used 5530K, capacity 6485K, committed 6524K, reserved 1048576K
Event: 29.950 GC heap after
Heap after GC invocations=47 (full 0):
 garbage-first heap   total 98304K, used 55443K [0x00000000c0000000, 0x00000000c0100300, 0x0000000100000000)
  region size 1024K, 1 young (1024K), 1 survivors (1024K)
 Metaspace       used 54866K, capacity 58178K, committed 58440K, reserved 1101824K
  class space    used 5530K, capacity 6485K, committed 6524K, reserved 1048576K
}
Event: 29.990 GC heap before
{Heap before GC invocations=47 (full 0):
 garbage-first heap   total 98304K, used 58515K [0x00000000c0000000, 0x00000000c0100300, 0x0000000100000000)
  region size 1024K, 4 young (4096K), 1 survivors (1024K)
 Metaspace       used 54885K, capacity 58178K, committed 58440K, reserved 1101824K
  class space    used 5532K, capacity 6485K, committed 6524K, reserved 1048576K
Event: 30.015 GC heap after
Heap after GC invocations=48 (full 0):
 garbage-first heap   total 98304K, used 56320K [0x00000000c0000000, 0x00000000c0100300, 0x0000000100000000)
  region size 1024K, 1 young (1024K), 1 survivors (1024K)
 Metaspace       used 54885K, capacity 58178K, committed 58440K, reserved 1101824K
  class space    used 5532K, capacity 6485K, committed 6524K, reserved 1048576K
}

