# JRE version: OpenJDK Runtime Environment (8.0_242-b08) (build 1.8.0_242-b08)
# Java VM: OpenJDK 64-Bit Server VM (25.242-b08 mixed mode windows-amd64 compressed oops)
Heap:
 garbage-first heap   total 178176K, used 101867K [0x00000000c0000000, 0x00000000c0100570, 0x0000000100000000)
  region size 1024K, 8 young (8192K), 1 survivors (1024K)
 Metaspace       used 79982K, capacity 84322K, committed 84608K, reserved 1124352K
  class space    used 7731K, capacity 9044K, committed 9088K, reserved 1048576K
GC Heap History (10 events):
Event: 5542.932 GC heap after
Heap after GC invocations=254 (full 0):
 garbage-first heap   total 178176K, used 111130K [0x00000000c0000000, 0x00000000c0100570, 0x0000000100000000)
  region size 1024K, 3 young (3072K), 3 survivors (3072K)
 Metaspace       used 79981K, capacity 84322K, committed 84608K, reserved 1124352K
  class space    used 7731K, capacity 9044K, committed 9088K, reserved 1048576K
}
Event: 5543.397 GC heap before
{Heap before GC invocations=254 (full 0):
 garbage-first heap   total 178176K, used 155162K [0x00000000c0000000, 0x00000000c0100570, 0x0000000100000000)
  region size 1024K, 46 young (47104K), 3 survivors (3072K)
 Metaspace       used 79981K, capacity 84322K, committed 84608K, reserved 1124352K
  class space    used 7731K, capacity 9044K, committed 9088K, reserved 1048576K
Event: 5543.414 GC heap after
Heap after GC invocations=255 (full 0):
 garbage-first heap   total 178176K, used 111642K [0x00000000c0000000, 0x00000000c0100570, 0x0000000100000000)
  region size 1024K, 4 young (4096K), 4 survivors (4096K)
 Metaspace       used 79981K, capacity 84322K, committed 84608K, reserved 1124352K
  class space    used 7731K, capacity 9044K, committed 9088K, reserved 1048576K
}
Event: 5543.886 GC heap before
{Heap before GC invocations=255 (full 0):
 garbage-first heap   total 178176K, used 153626K [0x00000000c0000000, 0x00000000c0100570, 0x0000000100000000)
  region size 1024K, 45 young (46080K), 4 survivors (4096K)
 Metaspace       used 79982K, capacity 84322K, committed 84608K, reserved 1124352K
  class space    used 7731K, capacity 9044K, committed 9088K, reserved 1048576K
Event: 5543.903 GC heap after
Heap after GC invocations=256 (full 0):
 garbage-first heap   total 178176K, used 110618K [0x00000000c0000000, 0x00000000c0100570, 0x0000000100000000)
  region size 1024K, 3 young (3072K), 3 survivors (3072K)
 Metaspace       used 79982K, capacity 84322K, committed 84608K, reserved 1124352K
  class space    used 7731K, capacity 9044K, committed 9088K, reserved 1048576K
}
Event: 5544.495 GC heap before
{Heap before GC invocations=257 (full 0):
 garbage-first heap   total 178176K, used 154650K [0x00000000c0000000, 0x00000000c0100570, 0x0000000100000000)
  region size 1024K, 46 young (47104K), 3 survivors (3072K)
 Metaspace       used 79982K, capacity 84322K, committed 84608K, reserved 1124352K
  class space    used 7731K, capacity 9044K, committed 9088K, reserved 1048576K
Event: 5544.511 GC heap after
Heap after GC invocations=258 (full 0):
 garbage-first heap   total 178176K, used 111130K [0x00000000c0000000, 0x00000000c0100570, 0x0000000100000000)
  region size 1024K, 3 young (3072K), 3 survivors (3072K)
 Metaspace       used 79982K, capacity 84322K, committed 84608K, reserved 1124352K
  class space    used 7731K, capacity 9044K, committed 9088K, reserved 1048576K
}
Event: 5544.529 GC heap before
{Heap before GC invocations=258 (full 0):
 garbage-first heap   total 178176K, used 116250K [0x00000000c0000000, 0x00000000c0100570, 0x0000000100000000)
  region size 1024K, 8 young (8192K), 3 survivors (3072K)
 Metaspace       used 79982K, capacity 84322K, committed 84608K, reserved 1124352K
  class space    used 7731K, capacity 9044K, committed 9088K, reserved 1048576K
Event: 5544.564 GC heap after
Heap after GC invocations=259 (full 0):
 garbage-first heap   total 178176K, used 94699K [0x00000000c0000000, 0x00000000c0100570, 0x0000000100000000)
  region size 1024K, 1 young (1024K), 1 survivors (1024K)
 Metaspace       used 79982K, capacity 84322K, committed 84608K, reserved 1124352K
  class space    used 7731K, capacity 9044K, committed 9088K, reserved 1048576K
}
Event: 5544.640 GC heap before
{Heap before GC invocations=259 (full 0):
 garbage-first heap   total 178176K, used 101867K [0x00000000c0000000, 0x00000000c0100570, 0x0000000100000000)
  region size 1024K, 8 young (8192K), 1 survivors (1024K)
 Metaspace       used 79982K, capacity 84322K, committed 84608K, reserved 1124352K
  class space    used 7731K, capacity 9044K, committed 9088K, reserved 1048576K

