# JRE version: OpenJDK Runtime Environment (8.0_242-b08) (build 1.8.0_242-b08)
# Java VM: OpenJDK 64-Bit Server VM (25.242-b08 mixed mode windows-amd64 compressed oops)
Heap:
 garbage-first heap   total 145408K, used 125194K [0x00000000c0000000, 0x00000000c0100470, 0x0000000100000000)
  region size 1024K, 31 young (31744K), 3 survivors (3072K)
 Metaspace       used 65226K, capacity 69132K, committed 69244K, reserved 1112064K
  class space    used 6306K, capacity 7508K, committed 7548K, reserved 1048576K
GC Heap History (10 events):
Event: 632.257 GC heap after
Heap after GC invocations=224 (full 0):
 garbage-first heap   total 145408K, used 95141K [0x00000000c0000000, 0x00000000c0100470, 0x0000000100000000)
  region size 1024K, 2 young (2048K), 2 survivors (2048K)
 Metaspace       used 65110K, capacity 69004K, committed 69244K, reserved 1112064K
  class space    used 6306K, capacity 7508K, committed 7548K, reserved 1048576K
}
Event: 632.942 GC heap before
{Heap before GC invocations=224 (full 0):
 garbage-first heap   total 145408K, used 125861K [0x00000000c0000000, 0x00000000c0100470, 0x0000000100000000)
  region size 1024K, 32 young (32768K), 2 survivors (2048K)
 Metaspace       used 65163K, capacity 69068K, committed 69244K, reserved 1112064K
  class space    used 6306K, capacity 7508K, committed 7548K, reserved 1048576K
Event: 632.955 GC heap after
Heap after GC invocations=225 (full 0):
 garbage-first heap   total 145408K, used 96078K [0x00000000c0000000, 0x00000000c0100470, 0x0000000100000000)
  region size 1024K, 3 young (3072K), 3 survivors (3072K)
 Metaspace       used 65163K, capacity 69068K, committed 69244K, reserved 1112064K
  class space    used 6306K, capacity 7508K, committed 7548K, reserved 1048576K
}
Event: 634.753 GC heap before
{Heap before GC invocations=226 (full 0):
 garbage-first heap   total 145408K, used 124750K [0x00000000c0000000, 0x00000000c0100470, 0x0000000100000000)
  region size 1024K, 31 young (31744K), 3 survivors (3072K)
 Metaspace       used 65220K, capacity 69132K, committed 69244K, reserved 1112064K
  class space    used 6306K, capacity 7508K, committed 7548K, reserved 1048576K
Event: 634.765 GC heap after
Heap after GC invocations=227 (full 0):
 garbage-first heap   total 145408K, used 94965K [0x00000000c0000000, 0x00000000c0100470, 0x0000000100000000)
  region size 1024K, 2 young (2048K), 2 survivors (2048K)
 Metaspace       used 65220K, capacity 69132K, committed 69244K, reserved 1112064K
  class space    used 6306K, capacity 7508K, committed 7548K, reserved 1048576K
}
Event: 638.047 GC heap before
{Heap before GC invocations=227 (full 0):
 garbage-first heap   total 145408K, used 125685K [0x00000000c0000000, 0x00000000c0100470, 0x0000000100000000)
  region size 1024K, 32 young (32768K), 2 survivors (2048K)
 Metaspace       used 65223K, capacity 69132K, committed 69244K, reserved 1112064K
  class space    used 6306K, capacity 7508K, committed 7548K, reserved 1048576K
Event: 638.057 GC heap after
Heap after GC invocations=228 (full 0):
 garbage-first heap   total 145408K, used 95299K [0x00000000c0000000, 0x00000000c0100470, 0x0000000100000000)
  region size 1024K, 2 young (2048K), 2 survivors (2048K)
 Metaspace       used 65223K, capacity 69132K, committed 69244K, reserved 1112064K
  class space    used 6306K, capacity 7508K, committed 7548K, reserved 1048576K
}
Event: 638.189 GC heap before
{Heap before GC invocations=228 (full 0):
 garbage-first heap   total 145408K, used 126019K [0x00000000c0000000, 0x00000000c0100470, 0x0000000100000000)
  region size 1024K, 32 young (32768K), 2 survivors (2048K)
 Metaspace       used 65225K, capacity 69132K, committed 69244K, reserved 1112064K
  class space    used 6306K, capacity 7508K, committed 7548K, reserved 1048576K
Event: 638.203 GC heap after
Heap after GC invocations=229 (full 0):
 garbage-first heap   total 145408K, used 96522K [0x00000000c0000000, 0x00000000c0100470, 0x0000000100000000)
  region size 1024K, 3 young (3072K), 3 survivors (3072K)
 Metaspace       used 65225K, capacity 69132K, committed 69244K, reserved 1112064K
  class space    used 6306K, capacity 7508K, committed 7548K, reserved 1048576K
}
Event: 638.706 GC heap before
{Heap before GC invocations=230 (full 0):
 garbage-first heap   total 145408K, used 125194K [0x00000000c0000000, 0x00000000c0100470, 0x0000000100000000)
  region size 1024K, 31 young (31744K), 3 survivors (3072K)
 Metaspace       used 65226K, capacity 69132K, committed 69244K, reserved 1112064K
  class space    used 6306K, capacity 7508K, committed 7548K, reserved 1048576K

