# JRE version: OpenJDK Runtime Environment (8.0_242-b08) (build 1.8.0_242-b08)
# Java VM: OpenJDK 64-Bit Server VM (25.242-b08 mixed mode windows-amd64 compressed oops)
Heap:
 garbage-first heap   total 296960K, used 223777K [0x00000000c0000000, 0x00000000c0100910, 0x0000000100000000)
  region size 1024K, 117 young (119808K), 6 survivors (6144K)
 Metaspace       used 71957K, capacity 76062K, committed 76240K, reserved 1118208K
  class space    used 6708K, capacity 7877K, committed 7940K, reserved 1048576K
GC Heap History (10 events):
Event: 11760.393 GC heap before
{Heap before GC invocations=832 (full 0):
 garbage-first heap   total 296960K, used 259076K [0x00000000c0000000, 0x00000000c0100910, 0x0000000100000000)
  region size 1024K, 150 young (153600K), 7 survivors (7168K)
 Metaspace       used 71897K, capacity 75998K, committed 76240K, reserved 1118208K
  class space    used 6707K, capacity 7877K, committed 7940K, reserved 1048576K
Event: 11760.408 GC heap after
Heap after GC invocations=833 (full 0):
 garbage-first heap   total 296960K, used 110601K [0x00000000c0000000, 0x00000000c0100910, 0x0000000100000000)
  region size 1024K, 5 young (5120K), 5 survivors (5120K)
 Metaspace       used 71897K, capacity 75998K, committed 76240K, reserved 1118208K
  class space    used 6707K, capacity 7877K, committed 7940K, reserved 1048576K
}
Event: 11761.319 GC heap before
{Heap before GC invocations=833 (full 0):
 garbage-first heap   total 296960K, used 261129K [0x00000000c0000000, 0x00000000c0100910, 0x0000000100000000)
  region size 1024K, 152 young (155648K), 5 survivors (5120K)
 Metaspace       used 71903K, capacity 75998K, committed 76240K, reserved 1118208K
  class space    used 6707K, capacity 7877K, committed 7940K, reserved 1048576K
Event: 11761.340 GC heap after
Heap after GC invocations=834 (full 0):
 garbage-first heap   total 296960K, used 111632K [0x00000000c0000000, 0x00000000c0100910, 0x0000000100000000)
  region size 1024K, 6 young (6144K), 6 survivors (6144K)
 Metaspace       used 71903K, capacity 75998K, committed 76240K, reserved 1118208K
  class space    used 6707K, capacity 7877K, committed 7940K, reserved 1048576K
}
Event: 11762.758 GC heap before
{Heap before GC invocations=834 (full 0):
 garbage-first heap   total 296960K, used 260112K [0x00000000c0000000, 0x00000000c0100910, 0x0000000100000000)
  region size 1024K, 151 young (154624K), 6 survivors (6144K)
 Metaspace       used 71908K, capacity 75998K, committed 76240K, reserved 1118208K
  class space    used 6707K, capacity 7877K, committed 7940K, reserved 1048576K
Event: 11762.774 GC heap after
Heap after GC invocations=835 (full 0):
 garbage-first heap   total 296960K, used 110614K [0x00000000c0000000, 0x00000000c0100910, 0x0000000100000000)
  region size 1024K, 5 young (5120K), 5 survivors (5120K)
 Metaspace       used 71908K, capacity 75998K, committed 76240K, reserved 1118208K
  class space    used 6707K, capacity 7877K, committed 7940K, reserved 1048576K
}
Event: 11765.098 GC heap before
{Heap before GC invocations=835 (full 0):
 garbage-first heap   total 296960K, used 261142K [0x00000000c0000000, 0x00000000c0100910, 0x0000000100000000)
  region size 1024K, 152 young (155648K), 5 survivors (5120K)
 Metaspace       used 71914K, capacity 75998K, committed 76240K, reserved 1118208K
  class space    used 6708K, capacity 7877K, committed 7940K, reserved 1048576K
Event: 11765.115 GC heap after
Heap after GC invocations=836 (full 0):
 garbage-first heap   total 296960K, used 111131K [0x00000000c0000000, 0x00000000c0100910, 0x0000000100000000)
  region size 1024K, 6 young (6144K), 6 survivors (6144K)
 Metaspace       used 71914K, capacity 75998K, committed 76240K, reserved 1118208K
  class space    used 6708K, capacity 7877K, committed 7940K, reserved 1048576K
}
Event: 11770.586 GC heap before
{Heap before GC invocations=836 (full 0):
 garbage-first heap   total 296960K, used 259611K [0x00000000c0000000, 0x00000000c0100910, 0x0000000100000000)
  region size 1024K, 151 young (154624K), 6 survivors (6144K)
 Metaspace       used 71937K, capacity 75998K, committed 76240K, reserved 1118208K
  class space    used 6708K, capacity 7877K, committed 7940K, reserved 1048576K
Event: 11770.603 GC heap after
Heap after GC invocations=837 (full 0):
 garbage-first heap   total 296960K, used 111137K [0x00000000c0000000, 0x00000000c0100910, 0x0000000100000000)
  region size 1024K, 6 young (6144K), 6 survivors (6144K)
 Metaspace       used 71937K, capacity 75998K, committed 76240K, reserved 1118208K
  class space    used 6708K, capacity 7877K, committed 7940K, reserved 1048576K
}

